[debug] [2025-07-14T20:46:16.023Z] ----------------------------------------------------------------------
[debug] [2025-07-14T20:46:16.027Z] Command:       C:\Program Files\nodejs\node.exe C:\Users\Tunahan\AppData\Roaming\npm\node_modules\firebase-tools\lib\bin\firebase.js init
[debug] [2025-07-14T20:46:16.027Z] CLI Version:   14.10.1
[debug] [2025-07-14T20:46:16.027Z] Platform:      win32
[debug] [2025-07-14T20:46:16.028Z] Node Version:  v24.3.0
[debug] [2025-07-14T20:46:16.028Z] Time:          Mon Jul 14 2025 22:46:16 GMT+0200 (Mitteleuropäische Sommerzeit)
[debug] [2025-07-14T20:46:16.028Z] ----------------------------------------------------------------------
[debug] 
[debug] [2025-07-14T20:46:16.032Z] >>> [apiv2][query] GET https://firebase-public.firebaseio.com/cli.json [none]
[debug] [2025-07-14T20:46:16.098Z] > command requires scopes: ["email","openid","https://www.googleapis.com/auth/cloudplatformprojects.readonly","https://www.googleapis.com/auth/firebase","https://www.googleapis.com/auth/cloud-platform"]
[debug] [2025-07-14T20:46:16.099Z] > authorizing via signed-in user (kiniunterhuber@gmail.com)
[info] 
     ######## #### ########  ######## ########     ###     ######  ########
     ##        ##  ##     ## ##       ##     ##  ##   ##  ##       ##
     ######    ##  ########  ######   ########  #########  ######  ######
     ##        ##  ##    ##  ##       ##     ## ##     ##       ## ##
     ##       #### ##     ## ######## ########  ##     ##  ######  ########

You're about to initialize a Firebase project in this directory:

  C:\Users\Tunahan\.vscode\GitReps\KermesProgram\kermes-admin

[debug] [2025-07-14T20:46:16.438Z] <<< [apiv2][status] GET https://firebase-public.firebaseio.com/cli.json 200
[debug] [2025-07-14T20:46:16.438Z] <<< [apiv2][body] GET https://firebase-public.firebaseio.com/cli.json {"cloudBuildErrorAfter":1594252800000,"cloudBuildWarnAfter":1590019200000,"defaultNode10After":1594252800000,"minVersion":"3.0.5","node8DeploysDisabledAfter":1613390400000,"node8RuntimeDisabledAfter":1615809600000,"node8WarnAfter":1600128000000}
[debug] [2025-07-14T20:46:34.949Z] ExitPromptError: User force closed the prompt with SIGINT
    at Interface.sigint (C:\Users\Tunahan\AppData\Roaming\npm\node_modules\firebase-tools\node_modules\@inquirer\core\dist\commonjs\lib\create-prompt.js:101:37)
    at Interface.emit (node:events:507:28)
    at Interface.emit (node:domain:489:12)
    at [_ttyWrite] [as _ttyWrite] (node:internal/readline/interface:1315:18)
    at ReadStream.onkeypress (node:internal/readline/interface:284:20)
    at ReadStream.emit (node:events:519:35)
    at ReadStream.emit (node:domain:489:12)
    at emitKeys (node:internal/readline/utils:371:14)
    at emitKeys.next (<anonymous>)
    at ReadStream.onData (node:internal/readline/emitKeypressEvents:64:36)
[error] 
[error] Error: An unexpected error has occurred.
